[    0.000000] Linux version 4.15.0-39-generic (bilddgw1-amd64-05 (cc veio 7.0 Ubuntu 7.016ubtu)) #42-Ubuntu SMP Tue Oct 23 15:48:01 UTC 2018 (Ubuntu 4.15.0-39.42-generic 4.15.18)
[    0.000000] Command line: BOOT_IMAGE=/boot/vmlinuz-4.15.0-39-generic root=LABEL=cloudimg-rootfs ro console=t1 console=tty0
[  0.00000] KERNEL supported cpus:
[    0.000000]   Intel GenuineIntel
[    0.000000]   AMD AuthenticAMD
[    0.000000]   Centaur CentaurHauls
[    0.000000] x86/fpu: Supporting XSAVE feature 0x001: x8 floating point registers'
[    0.000000] x86/fpu: Supporting XSAVE feature 0x002: 'SSE gisters'
[    0.000000] x86/fpu: Supporting XSAVE feature 0x004: 'AVX register'
[  0000000] x86/fpu: xstate_offset[2]:  576, xstate_sizes[2]:  256
[    0.000000] x86/fpu: Enabled xstate features 0x7, context size is 832 bytes, using 'standard' format.
[    0.000000] e820: BIOS-provided physical RAM map:
[    0.000000] BIOS-e820: [mem 0x0000000000000000-0x000000000009fbff] usable
[    0.000000] BIOS-e820: [mem 0x000000000009fc00-0x000000000009ffff] reserved
[    0.000000] BIOS-e820: [mem 0x00000000000f0000-0x00000000000fffff] served
[    0.000000] BIOS-e820: [mem 0x0000000000100000-0x000000003ffeffff] usable
[    0.000000] BIOS-e820: [mem 0x000000003fff0000-0x000000003fffffff] ACPI data
[    0.000000] BIOS-e820: [mem 0x00000000fec00000-0x00000000fec00fff] reserved
[    0.000000] BIOS-e820: [mem 0x00000000fee00000-0x00000000fee00fff] reserved
[    0.000000] BIOS-e820: [mem 0x00000000fffc0000-0x00000000ffffffff] reserved
[    0.000000] NX (Execute Disable) protection: active
[    0.000000]] SMBIOS 2.5 present.
    0.000000] DMI: innotek GmbH VirtualBox/VirtualBox, BIOS VirtualBox 12/01/2006
[    0.000000] Hypervisor detected: KVM
[    0.000000] e820: last_pfn = 0x3fff0 max_arch_pfn = 0x400000000
[    0.000000] MTRR: Disabled
[    0.000000] x86/PAT: MTRRs disabled, skipping PAT initialization too.
[    0.000000] CPU MTRRs all blank - virtualized system.
[    0.000000] x86/PAT: Configuration [0-7]: WB  WT  UC-UC  WB WT  U U  
[    0.000000] found SMP MP-table at [mem 0x0009fff0-0x0009ffff] mapped at [        (ptrval)]
[    0.000000] Scanning 1 areas for low emry corruption
[    0.000000] RAMDISK: [mem 0x359cd000-0x36cddfff]
[    0.000000] ACPI: Early table checksum verification disabled
[    0.000000] ACPI: RSDP 0x00000000000E0000 000024 (v02 VBOX  )
[    0.000000] ACPI: XSDT 0x000000003FFF0030 00003C (v01 VBOX   VBOXXSDT 00000001 ASL  00000061)
[    0.000000] ACPI: FACP 0x000000003FFF00F0 0000F4 (v04 VBOX   VBOXFACP 00000001 ASL  00000061)
[    0.000000] ACPI: DSDT 0x000000003FFF0470 0021FF (v02 VBOX  VBXBIOS 00000002 INTL 20100528)
[    0.000000] ACPI: FACS 0x000000003FFF0200 000040
[    0.000000] ACPI: FACS 0x000000003FFF0200 000040
[    0.000000] ACPI: APIC 0x000000003FFF0240 00005C (v02 VBOX   VBOXAPIC 00000001 ASL  00000061)
[    0.000000] ACPI: SSDT 0x000000003FFF02A0 0001CC (v01 VBOX   VBOXCPUT 00000002 INTL 20100528)
[    0.000000] No NUMA configuration found
[    0.000000] Fakina noe  [mem 000000000000-0x000000003ffeff
[    0.000000] NODE_DATA(0) allocated [mem 0x3ffc5000-0x3ffeffff]
[    0.000000] kvm-clock: cpu 0, msr 0:3ff44001, primary cpu clock
[    0.000000] kvm-clock: Using msrs 4b564d01 and 4b564d00
[    0.000000] kvm-clock: using sched offset of 6915517025 cycles
[    0.000000] clocksource: kvm-clock: mask: 0xffffffffffffffff max_cycle 0x1cd42e4dffb, max_idle_ns: 881590591483 ns
[    0.000000] Zone ranges:
[    0.000000]   DMA      [mem 0x0000000000001000-0x0000000000ffffff]
[    0.000000]   DMA32    [mem 0x0000000001000000-0x000000003ffeffff]
[    0.000000]   Normal   mpty
[  0000000]  evice  mpy
[    0.000000] Mvale zone start for each node
[    0.000000] Early memory node ranges
[    0.000000]   node   0: [mem 0x0000000000001000-0x000000000009efff]
[    0.000000]   node   0: [mem 0x0000000000100000-0x000000003ffeffff]
[    0.000000] Initmem setup node 0 [mem 0x0000000000001000-0x000000003ffeffff]
[    0.000000] Reserved but unavailable: 98 pages[    0.000000] ACPI: PM-Ter IO Port: 0x4008
[    0.000000] IOAPIC[0]: apic_id 2, version 32, address 0xfec00000, GSI 0-23
[    0.000000] ACPI: INT_SRC_OVR (bus 0 bus_irq 0 global_irq 2 dfl dfl)
[    0.000000] ACPI: INT_SRC_OVR (bus 0 bus_irq 9 global_irq 9 low level)
[    0.000000] Using ACPI (MADT) for SMP configuration information
[    0.000000] smpboot: Alling 2 CPUs, 0 hotplug PU
[    0.000000] PM: Registered nosave memory: [mem 0x00000000-0x00000fff]
[    0.000000] PM: Reistered nosave memory: [mem 0x0009f000-0x0009ffff]
[    0.000000] PM: Registered nosave memory: [mem 0x000a0000-0x000effff]
[    0.000000] PM  Registered nosave memory: [mem 0x000f0000-0x000ffff][   0.000000] e820: [mem 0x40000000-0xfebfffff] available for PCI devices
[    0.000000] Booting paravirtualized kernel on KVM
[    0.000000] clocksource: refined-jiffies: mask: 0xffffffff m_cycles: 0xffffffff, max_idle_ns: 7645519600211568 ns
[    0.000000] random: get_random_bytes called from start_kernel+0x99/0x4fd with crng_init=0
[    0.000000] setup_percpu: NR_CPUS:8192 nr_cpumask_bits:2 nr_cpu_ids:2 nr_node_ids:1
[    0.000000] percpu: Embedded 46 pages/cpu @        (ptrval) s151552 r8192 d28672 u1048576
[    0.000000] PV qspinlock hash table entries: 256 (order: 0, 4096 bytes)
[    0.000000] Built 1 zonelists, mobility grouping on.  Total pages: 257913
[    0.000000] Policy zone: DMA32
[    0.000000] Kernel command line: BOOT_IMAGE=/boot/vmlinuz-4.15.0-39-generic root=LABEL=cloudig-rots ro console=tty1 console=ttyS0
[    0.000000] Memory: 983060K/1048120K available (12300K kerel code, 2472K rwdata, 4248K rodata, 2408K init, 2416K bss, 65060K reserved,0K cma-reserved)
[  000000] SB: HWali=6, Order-3, MObects=0, CPUs=2, Nodes=1
[    0.000000] Kernel/User page tables isolation: enabled
[    0.000000] ftrace: allocating 39178 entries in 154 pages
[    0.004000] Hierarhical RCU implementation.
[    0.004000] 	RCU restricting CPUs from NR_CPUS=8192 to nr_cpu_ids=2.
[    0.004000] 	Tasks RCU enabled.
[    0.004000] RCU: Adjusting geometry for rcu_fanout_leaf=16, nr_cpu_ids=2
[    0.004000] NR_IRQS: 524544, nr_irqs: 440, preallocated irqs: 16
[    0.004000] Console: colour VGA+ 80x25
[    0.004000] console [tty1] enabled
[    0.004000] console [ttyS0] enabled
[    0.004000] ACPI: Core revision 20170831
[    0.004000] ACPI: 2 ACPI AML tables successfully acquired and loaded
[    0.004000] APIC: Switch to symmetric I/O mode setup
[    0.004000] x2apic enabled
[    0.004005] Switched APIC routing to physical x2apic.
[    0.006395] ..TIMER: vector=0x30 apic1=0 pin1=2 apic2=-1 pin2=-1
[    0.008002] tsc: Detected 2303.998 MHz processor
[    0.009448] Calibrating delay loop (skipped) preset value.. 4607.99 BogoMIPS (lpj=9215992)
[    0.012003] pid_max: default: 32768 minimum: 301
[    0.016031] Security Framework initialized
[    0.017318] Yama: becoming mindful.
[    0.020021] AppArmor: AppArmor initialized
[    0.025606] Dentry cache hash table entries: 131072 (order: 8, 1048576 bytes)
[    0.028084] Inode-cache hash table entries: 65536 (order: 7, 524288 bytes)
[    0.032017] Mount-cache hash table entries: 2048 (order: 2, 16384 bytes)
[    0.033982] Mountpoint-cache hash table entries: 2048 (order: 2, 16384 bytes)
[    0.036209] mce: CPU supports 0 MCE banks
[    0.037449] Last level iTLB entries: 4KB 64, 2MB 8, 4MB 8
[    0.040001] Last level dTLB entries: 4KB 64, 2MB 0, 4MB 0, 1GB 4
[    0.041756] Spectre V2 : Mitigation: Full generic retpoline
[    0.043389] Spectre V2 : Spectre v2 / SpectreRSB mitigation: Filling RSB on context switch
[    0.044002] Speculative Store Bypass: Vulnerable
[    0.048081] Freeing SMP alternatives memory: 36K
[    0.056000] smpboot: CPU0: Intel(R) Core(TM) i5-7360U CPU @ 2.30GHz (family: 0x6, model: 0x8e, stepping: 0x9)
[    0.056099] Performance Events: unsupported p6 CPU model 142 no PMU driver, software events only.
[    0.058293] Hierarchical SRCU implementation.
[    0.060545] NMI watchdog: Perf event create on CPU 0 failed with -2
[    0.062433] NMI watchdog: Perf NMI watchdog permanently disabled
[    0.064052] smp: Bringing up secondary CPUs ...
[    0.065501] x86: Booting SMP configuration:
[    0.066820] .... node  #0, CPUs:      #1
[    0.004000] kvm-clock: cpu 1, msr 0:3ff44041, secondary cpu clock
[    0.004000] mce: CPU supports 0 MCE banks
[    0.074020] smp: Brought up 1 node, 2 CPUs
[    0.074020] smpboot: Max logical packages: 1
[    0.076011] smpboot: Total of 2 processors activated (9215.99 BogoMIPS)
[    0.080197] devtmpfs: initialized
[    0.084090] x86/mm: Memory block size: 128MB
[    0.086376] evm: security.selinux
[    0.088008] evm: security.SMACK64
[    0.090526] evm: security.SMACK64EXEC
[    0.092007] evm: security.SMACK64TRANSMUTE
[    0.094080] evm: security.SMACK64MMAP
[    0.096006] evm: security.apparmor
[    0.097572] evm: security.ima
[    0.100004] evm: security.capability
[    0.102828] clocksource: jiffies: mask: 0xffffffff max_cycles: 0xffffffff, max_idle_ns: 7645041785100000 ns
[    0.104066] futex hash table entries: 512 (order: 3, 32768 bytes)
[    0.108187] pinctrl core: initialized pinctrl subsystem
[    0.114202] RTC time:  7:47:38, date: 11/29/18
[    0.116266] NET: Registered protocol family 16
[    0.118578] audit: initializing netlink subsys (disabled)
[    0.120051] audit: type=2000 audit(1543477663.050:1): state=initialized audit_enabled=0 res=1
[    0.128071] cpuidle: using governor ladder
[    0.130098] cpuidle: using governor menu
[    0.132148] ACPI: bus type PCI registered
[    0.133888] acpiphp: ACPI Hot Plug PCI Controller Driver version: 0.5
[    0.136242] PCI: Using configuration type 1 for base access
[    0.140896] HugeTLB registered 2.00 MiB page size, pre-allocated 0 pages
[    0.144133] ACPI: Added _OSI(Module Device)
[    0.145354] ACPI: Added _OSI(Processor Device)
[    0.148008] ACPI: Added _OSI(3.0 _SCP Extensions)
[    0.149290] ACPI: Added _OSI(Processor Aggregator Device)
[    0.150588] ACPI: Added _OSI(Linux-Dell-Video)
[    0.152006] ACPI: Added _OSI(Linux-Lenovo-NV-HDMI-Audio)
[    0.154090] ACPI: Executed 1 blocks of module-level executable AML code
[    0.158911] ACPI: Interpreter enabled
[    0.160016] ACPI: (supports S0 S5)
[    0.164003] ACPI: Using IOAPIC for interrupt routing
[    0.168201] PCI: Using host bridge windows from ACPI; if necessary, use "pci=nocrs" and report a bug
[    0.172220] ACPI: Enabled 2 GPEs in block 00 to 07
[    0.182644] ACPI: PCI Root Bridge [PCI0] (domain 0000 [bus 00-ff])
[    0.184008] acpi PNP0A03:00: _OSC: OS supports [ASPM ClockPM Segments MSI]
[    0.188024] acpi PNP0A03:00: _OSC: not requesting OS control; OS requires [ExtendedConfig ASPM ClockPM MSI]
[    0.192013] acpi PNP0A03:00: fail to add MMCONFIG information, can't access extended PCI configuration space under this bridge.
[    0.196454] PCI host bridge to bus 0000:00
[    0.200004] pci_bus 0000:00: root bus resource [io  0x0000-0x0cf7 window]
[    0.204004] pci_bus 0000:00: root bus resource [io  0x0d00-0xffff window]
[    0.208003] pci_bus 0000:00: root bus resource [mem 0x000a0000-0x000bffff window]
[    0.212004] pci_bus 0000:00: root bus resource [mem 0x40000000-0xfdffffff window]
[    0.216007] pci_bus 0000:00: root bus resource [bus 00-ff]
[    0.227162] pci 0000:00:01.1: legacy IDE quirk: reg 0x10: [io  0x01f0-0x01f7]
[    0.228004] pci 0000:00:01.1: legacy IDE quirk: reg 0x14: [io  0x03f6]
[    0.232003] pci 0000:00:01.1: legacy IDE quirk: reg 0x18: [io  0x0170-0x0177]
[    0.236003] pci 0000:00:01.1: legacy IDE quirk: reg 0x1c: [io  0x0376]
[    0.253477] pci 0000:00:07.0: quirk: [io  0x4000-0x403f] claimed by PIIX4 ACPI
[    0.256023] pci 0000:00:07.0: quirk: [io  0x4100-0x410f] claimed by PIIX4 SMB
[    0.275243] ACPI: PCI Interrupt Link [LNKA] (IRQs 5 9 10 *11)
[    0.276307] ACPI: PCI Interrupt Link [LNKB] (IRQs 5 9 *10 11)
[    0.280153] ACPI: PCI Interrupt Link [LNKC] (IRQs 5 *9 10 11)
[    0.284149] ACPI: PCI Interrupt Link [LNKD] (IRQs 5 9 10 *11)
[    0.288457] SCSI subsystem initialized
[    0.292089] pci 0000:00:02.0: vgaarb: setting as boot VGA device
[    0.296000] pci 0000:00:02.0: vgaarb: VGA device added: decodes=io+mem,owns=io+mem,locks=none
[    0.588011] pci 0000:00:02.0: vgaarb: bridge control possible
[    0.600003] vgaarb: loaded
[    0.600895] ACPI: bus type USB registered
[    0.600895] usbcore: registered new interface driver usbfs
[    0.601685] usbcore: registered new interface driver hub
[    0.604000] usbcore: registered new device driver usb
[    0.612074] EDAC MC: Ver: 3.0.0
[    0.624338] PCI: Using ACPI for IRQ routing
[    0.625789] NetLabel: Initializing
[    0.628002] NetLabel:  domain hash size = 128
[    0.629483] NetLabel:  protocols = UNLABELED CIPSOv4 CALIPSO
[    0.708023] NetLabel:  unlabeled traffic allowed by default
[    0.736089] clocksource: Switched to clocksource kvm-clock
[    0.748894] VFS: Disk quotas dquot_6.6.0
[    0.750912] VFS: Dquot-cache hash table entries: 512 (order 0, 4096 bytes)
[    0.760653] AppArmor: AppArmor Filesystem Enabled
[    0.763956] pnp: PnP ACPI init
[    0.767897] pnp: PnP ACPI: found 3 devices
[    0.776244] clocksource: acpi_pm: mask: 0xffffff max_cycles: 0xffffff, max_idle_ns: 2085701024 ns
[    0.780547] NET: Registered protocol family 2
[    0.785155] TCP established hash table entries: 8192 (order: 4, 65536 bytes)
[    0.788329] TCP bind hash table entries: 8192 (order: 5, 131072 bytes)
[    0.791333] TCP: Hash tables configured (established 8192 bind 8192)
[    0.794697] UDP hash table entries: 512 (order: 2, 16384 bytes)
[    0.798529] UDP-Lite hash table entries: 512 (order: 2, 16384 bytes)
[    0.801463] NET: Registered protocol family 1
[    0.804733] pci 0000:00:00.0: Limiting direct PCI/PCI transfers
[    0.807424] pci 0000:00:01.0: Activating ISA DMA hang workarounds
[    0.811486] pci 0000:00:02.0: Video device with shadowed ROM at [mem 0x000c0000-0x000dffff]
[    0.816336] Unpacking initramfs...
[    1.068406] Freeing initrd memory: 19524K
[    1.100372] platform rtc_cmos: registered platform RTC device (no PNP device found)
[    1.102674] Scanning for low memory corruption every 60 seconds
[    1.117214] Initialise system trusted keyrings
[    1.211572] Key type blacklist registered
[    1.247462] workingset: timestamp_bits=36 max_order=18 bucket_order=0
[    1.324019] zbud: loaded
[    1.346813] squashfs: version 4.0 (2009/01/31) Phillip Lougher
[    1.434453] fuse init (API version 7.26)
[    1.488675] Key type asymmetric registered
[    1.489685] Asymmetric key parser 'x509' registered
[    1.490928] Block layer SCSI generic (bsg) driver version 0.4 loaded (major 246)
[    1.492799] io scheduler noop registered
[    1.543202] io scheduler deadline registered
[    1.597766] io scheduler cfq registered (default)
[    1.643938] ACPI: AC Adapter [AC] (off-line)
[    1.676914] input: Power Button as /devices/LNXSYSTM:00/LNXPWRBN:00/input/input0
[    1.780047] ACPI: Power Button [PWRF]
[    1.829882] input: Sleep Button as /devices/LNXSYSTM:00/LNXSLPBN:00/input/input1
[    1.838470] ACPI: Sleep Button [SLPF]
[    1.840143] Serial: 8250/16550 driver, 32 ports, IRQ sharing enabled
[    1.841864] ACPI: Battery Slot [BAT0] (battery present)
[    1.878200] 00:02: ttyS0 at I/O 0x3f8 (irq = 4, base_baud = 115200) is a 16550A
[    1.883893] Linux agpgart interface v0.103
[    1.889714] loop: module loaded
[    1.892362] scsi host0: ata_piix
[    1.895555] scsi host1: ata_piix
[    1.897431] ata1: PATA max UDMA/33 cmd 0x1f0 ctl 0x3f6 bmdma 0xd000 irq 14
[    1.900589] ata2: PATA max UDMA/33 cmd 0x170 ctl 0x376 bmdma 0xd008 irq 15
[    1.904583] libphy: Fixed MDIO Bus: probed
[    1.911943] tun: Universal TUN/TAP device driver, 1.6
[    1.914425] PPP generic driver version 2.4.2
[    1.916705] ehci_hcd: USB 2.0 'Enhanced' Host Controller (EHCI) Driver
[    1.919865] ehci-pci: EHCI PCI platform driver
[    1.921679] ehci-platform: EHCI generic platform driver
[    1.922986] ohci_hcd: USB 1.1 'Open' Host Controller (OHCI) Driver
[    1.924510] ohci-pci: OHCI PCI platform driver
[    1.925613] ohci-platform: OHCI generic platform driver
[    1.927143] uhci_hcd: USB Universal Host Controller Interface driver
[    1.934771] i8042: PNP: PS/2 Controller [PNP0303:PS2K,PNP0f03:PS2M] at 0x60,0x64 irq 1,12
[    1.937449] serio: i8042 KBD port at 0x60,0x64 irq 1
[    1.938645] serio: i8042 AUX port at 0x60,0x64 irq 12
[    1.940649] mousedev: PS/2 mouse device common for all mice
[    1.942964] rtc_cmos rtc_cmos: rtc core: registered rtc_cmos as rtc0
[    1.966204] input: AT Translated Set 2 keyboard as /devices/platform/i8042/serio0/input/input2
[    1.968174] rtc_cmos rtc_cmos: alarms up to one day, 114 bytes nvram
[    1.968187] i2c /dev entries driver
[    1.968194] pcie_mp2_amd: AMD(R) PCI-E MP2 Communication Driver Version: 1.0
[    1.968273] device-mapper: uevent: version 1.0.3
[    1.968331] device-mapper: ioctl: 4.37.0-ioctl (2017-09-20) initialised: dm-devel@redhat.com
[    2.078433] ledtrig-cpu: registered to indicate activity on CPUs
[    2.174259] tsc: Refined TSC clocksource calibration: 2304.478 MHz
[    2.332935] clocksource: tsc: mask: 0xffffffffffffffff max_cycles: 0x2137bb75444, max_idle_ns: 440795247479 ns
[    2.333275] NET: Registered protocol family 10
[    2.335525] Segment Routing with IPv6
[    2.335539] NET: Registered protocol family 17
[    2.335565] Key type dns_resolver registered
[    2.580894] RAS: Correctable Errors collector initalized.
[    2.635064] sched_clock: Marking stable (2635012423, 0)->(6090014548, -3455002125)
[    2.6382] gier tkstseron 1
[    2.991806] Loading compiled-in X.509 certificates

[    2.998105] Loaded X.509 cert 'Build time autogenerated kernel key: 28c680bedc8638650c29d29ff1fd33ae66a2014d'
[    3.002632] zswap: loaded using pool lzo/zbud
[    3.010916] Key type big_key registered
[    3.012797] Key type trusted registered
[    3.017469] Key type encrypted registered
[    3.020877] AppArmor: AppArmor sha1 policy hashing enabled
[    3.023397] ima: No TPM chip found, activating TPM-bypass! (rc=-19)
[    3.034936] ima: Allocated hash algorithm: sha1
[    3.041751] evm: HMAC attrs: 0x1
[    3.042912]   Magic number: 10:188:775
[    3.055334] misc psaux: hash matches
[    3.066613] misc fuse: hash matches
[    3.073471] rtc_cmos rtc_cmos: setting system clock to 2018-11-29 07:47:41 UTC (1543477661)
[    3.076159] BIOS EDD facility v0.16 2004-Jun-25, 0 devices found
[    3.099063] EDD information not available.
[    3.108480] Freeing unused kernel memory: 2408K
[    3.506079] Write protecting the kernel read-only data: 20480k
[    3.591692] Freeing unused kernel memory: 2008K
[    3.605045] Freeing unused kernel memory: 1896K
[    3.616030] x86/mm: Checked W+X mappings: passed, no W+X pages found.
[    3.618019] x86/mm: Checking user space page tables
[    3.637653] x86/mm: Checked W+X mappings: passed, no W+X pages found.
Loading, please wait...
starting version 237
[    3.714781] e1000: Intel(R) PRO/1000 Network Driver - version 7.3.21-k8-NAPI
[    3.748548] e1000: Copyright (c) 1999-2006 Intel Corporation.
[    3.769615] Fusion MPT base driver 3.04.20
[    3.771083] Copyright (c) 1999-2008 LSI Corporation
[    3.778060] AVX2 version of gcm_enc/dec engaged.
[    3.779542] AES CTR mode by8 optimization enabled
[    3.783231] Fusion MPT SPI Host driver 3.04.20
[    3.792656] vboxvideo: loading out-of-tree module taints kernel.
[    3.794593] vboxvideo: module verification failed: signature and/or required key missing - tainting kernel
[    3.981144] input: ImExPS/2 Generic Explorer Mouse as /devices/platform/i8042/serio1/input/input4
[    4.197567] e1000 0000:00:03.0 eth0: (PCI:33MHz:32-bit) 02:73:c3:8b:e3:3b
[    4.215603] e1000 0000:00:03.0 eth0: Intel(R) PRO/1000 Network Connection
[    4.218550] mptbase: ioc0: Initiating bringup
[    4.813604] ioc0: LSI53C1030 A0: Capabilities={Initiator}
[    6.226674] scsi host2: ioc0: LSI53C1030 A0, FwRev=00000000h, Ports=1, MaxQ=256, IRQ=20
[    7.505212] [drm] VRAM 01000000
[    7.535147] scsi 2:0:0:0: Direct-Access     VBOX     HARDDISK         1.0  PQ: 0 ANSI: 5
[    7.585998] [TTM] Zone  kernel: Available graphics memory: 504466 kiB
[    7.680045] [TTM] Initializing pool allocator
[    7.681405] [TTM] Initializing DMA pool allocator
[    7.703643] fbcon: vboxdrmfb (fb0) is primary device
[    7.705226] Console: switching to colour frame buffer device 100x37
[    7.715897] vboxvideo 0000:00:02.0: fb0: vboxdrmfb frame buffer device
[    7.724786] scsi target2:0:0: Beginning Domain Validation
[    7.740074] [drm] Initialized vboxvideo 1.0.0 20130823 for 0000:00:02.0 on minor 0
[    7.740265] scsi target2:0:0: Domain Validation skipping write tests
[    7.740266] scsi target2:0:0: Ending Domain Validation
[    7.740363] scsi target2:0:0: asynchronous
[    7.740766] scsi 2:0:1:0: Direct-Access     VBOX     HARDDISK         1.0  PQ: 0 ANSI: 5
[    7.844223] scsi target2:0:1: Beginning Domain Validation
[    7.895377] random: fast init done
[    7.920389] scsi target2:0:1: Domain Validation skipping write tests
[    7.922126] scsi target2:0:1: Ending Domain Validation
[    7.923734] scsi target2:0:1: asynchronous
[    7.930306] random: systemd-udevd: uninitialized urandom read (16 bytes read)
[    7.931941] random: systemd-udevd: uninitialized urandom read (16 bytes read)
[    7.933674] sd 2:0:0:0: Attached scsi generic sg0 type 0
[    7.935054] sd 2:0:1:0: Attached scsi generic sg1 type 0
[    7.936706] random: systemd-udevd: uninitialized urandom read (16 bytes read)
[    7.938533] sd 2:0:1:0: [sdb] 20480 512-byte logical blocks: (10.5 MB/10.0 MiB)
[    7.940389] sd 2:0:1:0: [sdb] Write Protect is off
[    7.941726] sd 2:0:1:0: [sdb] Incomplete mode parameter data
[    7.943086] sd 2:0:1:0: [sdb] Assuming drive cache: write through
[    7.944627] sd 2:0:0:0: [sda] 20971520 512-byte logical blocks: (10.7 GB/10.0 GiB)
[    7.944860] sd 2:0:0:0: [sda] Write Protect is off
[    7.949962] sd 2:0:0:0: [sda] Incomplete mode parameter data
[    7.949963] sd 2:0:0:0: [sda] Assuming drive cache: write through
[    7.965578]  sda: sda1
[    7.967766] sd 2:0:0:0: [sda] Attached SCSI disk
[    7.970090] sd 2:0:1:0: [sdb] Attached SCSI disk
[    8.268482] e1000 0000:00:08.0 eth1: (PCI:33MHz:32-bit) 08:00:27:1d:82:0a
[    8.517867] e1000 0000:00:08.0 eth1: Intel(R) PRO/1000 Network Connection
[    8.523330] e1000 0000:00:03.0 enp0s3: renamed from eth0
[    8.540403] e1000 0000:00:08.0 enp0s8: renamed from eth1
Begin: Loading essential drivers ... [    8.696228] raid6: sse2x1   gen() 12240 MB/s
[    8.768166] raid6: sse2x1   xor()  8682 MB/s
[    8.816317] raid6: sse2x2   gen() 14867 MB/s
[    8.888199] raid6: sse2x2   xor()  9662 MB/s
[    8.944205] raid6: sse2x4   gen() 16592 MB/s
[    9.012227] raid6: sse2x4   xor()  9922 MB/s
[    9.060205] raid6: avx2x1   gen() 22970 MB/s
[    9.136188] raid6: avx2x1   xor() 16388 MB/s
[    9.184253] raid6: avx2x2   gen() 28928 MB/s
[    9.252166] raid6: avx2x2   xor() 18597 MB/s
[    9.324128] raid6: avx2x4   gen() 31995 MB/s
[    9.376140] raid6: avx2x4   xor() 20068 MB/s
[    9.388598] raid6: using algorithm avx2x4 gen() 31995 MB/s
[    9.395707] raid6: .... xor() 20068 MB/s, rmw enabled
[    9.438784] raid6: using avx2x2 recovery algorithm
[    9.447205] xor: automatically using best checksumming function   avx       
[    9.471114] async_tx: api initialized (async)
done.
Begin: Running /scripts/init-premount ... done.
Begin: Mounting root file system ... Begin: Running /scripts/local-top ... done.
Begin: Running /scripts/local-premount ... [    9.568047] Btrfs loaded, crc32c=crc32c-intel
Scanning for Btrfs filesystems
done.
Warning: fsck not present, so skipping root file system
[    9.636788] EXT4-fs (sda1): mounted filesystem with ordered data mode. Opts: (null)
done.
Begin: Running /scripts/local-bottom ... done.
Begin: Running /scripts/init-bottom ... done.
[   10.161305] ip_tables: (C) 2000-2006 Netfilter Core Team
[   10.196751] systemd[1]: systemd 237 running in system mode. (+PAM +AUDIT +SELINUX +IMA +APPARMOR +SMACK +SYSVINIT +UTMP +LIBCRYPTSETUP +GCRYPT +GNUTLS +ACL +XZ +LZ4 +SECCOMP +BLKID +ELFUTILS +KMOD -IDN2 +IDN -PCRE2 default-hierarchy=hybrid)
[   10.255114] systemd[1]: Detected virtualization oracle.
[   10.294692] systemd[1]: Detected architecture x86-64.

Welcome to [1mUbuntu 18.04.1 LTS[0m!

[   10.353933] systemd[1]: Set hostname to <ubuntu-bionic>.
[   10.976120] systemd[1]: Reached target Swap.
[[0;32m  OK  [0m] Reached target Swap.
[   10.978888] systemd[1]: Started Forward Password Requests to Wall Directory Watch.
[[0;32m  OK  [0m] Started Forward Password Requests to Wall Directory Watch.
[   10.983081] systemd[1]: Reached target System Time Synchronized.
[[0;32m  OK  [0m] Reached target System Time Synchronized.
[   10.988691] systemd[1]: Created slice System Slice.
[[0;32m  OK  [0m] Created slice System Slice.
[   11.032972] systemd[1]: Listening on udev Control Socket.
[[0;32m  OK  [0m] Listening on udev Control Socket.
[   11.141462] systemd[1]: Listening on Journal Socket (/dev/log).
[[0;32m  OK  [0m] Listening on Journal Socket (/dev/log).
[[0;32m  OK  [0m] Listening on /dev/initctl Compatibility Named Pipe.
[[0;32m  OK  [0m] Listening on Syslog Socket.
[[0;32m  OK  [0m] Reached target User and Group Name Lookups.
[[0;32m  OK  [0m] Created slice system-serial\x2dgetty.slice.
[[0;32m  OK  [0m] Listening on LVM2 metadata daemon socket.
[[0;32m  OK  [0m] Listening on Journal Socket.
         Starting Load Kernel Modules...
         Starting Create list of required st…ce nodes for the current kernel...
[   11.343199] Loading iSCSI transport class v2.0-870.
         Mounting Huge Pages File System...
[[0;32m  OK  [0m] Listening on LVM2 poll daemon socket.
         Mounting POSIX Message Queue File System...
         Starting Set the console keyboard layout...
         Mounting Kernel Debug File System...
[[0;32m  OK  [0m] Listening on J[   11.402428] iscsi: registered transport (tcp)
ournal Audit Socket.
         Starting Journal Service...
[[0;32m  OK  [0m] Set up autom[   11.464895] iscsi: registered transport (iser)
ount Arbitrary Executab…rmats File System Automount Point.
         Starting Uncomplicated firewall...
[[0;32m  OK  [0m] Created slice User and Session Slice.
[[0;32m  OK  [0m] Reached target Slices.
[[0;32m  OK  [0m] Listening on udev Kernel Socket.
         Starting udev Coldplug all Devices...
         Startin[   11.705327] random: crng init done
g Remount Root and Kernel File Systems...
[   11.721428] random: 7 urandom warning(s) missed due to ratelimiting
[[0;32m  OK  [0m] Listening on Device-mapper event daemon FIFOs.
[   11.731553] EXT4-fs (sda1): re-mounted. Opts: (null)
         Starting Monitoring of LVM2 mirrors…ng dmeventd or progress polling...
[[0;32m  OK  [0m] Listening on Network Service Netlink Socket.
[[0;32m  OK  [0m] Started Journal Service.
[[0;32m  OK  [0m] Started Load Kernel Modules.
[[0;32m  OK  [0m] Started Create list of required sta…vice nodes for the current kernel.
[[0;32m  OK  [0m] Mounted Huge Pages File System.
[[0;32m  OK  [0m] Mounted POSIX Message Queue File System.
[[0;32m  OK  [0m] Started Set the console keyboard layout.
[[0;32m  OK  [0m] Mounted Kernel Debug File System.
[[0;32m  OK  [0m] Started Uncomplicated firewall.
[[0;32m  OK  [0m] Started Remount Root and Kernel File Systems.
         Starting Load/Save Random Seed...
         Starting Initial cloud-init job (pre-networking)...
         Starting Create Static Device Nodes in /dev...
         Mounting FUSE Control File System...
         Starting Apply Kernel Variables...
         Mounting Kernel Configuration File System...
         Starting Flush Journal to Persistent Storage...
[[0;32m  OK  [0m] Started udev Coldplug all Devices.
[[0;32m  OK  [0m] Started Load/Save Random Seed.
[[0;32m  OK  [0m] Started Create Static Device Nodes in /dev.
[[0;32m  OK  [0m] Mounted FUSE Control File System.
[[0;32m  OK  [0m] Mounted Kernel Configuration File System.
[[0;32m  OK  [0m] Started Apply Kernel Variables.
[[0;32m  OK  [0m] Started LVM2 metadata daemon.
         Starting udev Kernel Device Manager...
[[0;32m  OK  [0m] Started udev Kernel Device Manager.
[[0;32m  OK  [0m] Started Dispatch Password Requests to Console Directory Watch.
[[0;32m  OK  [0m] Reached target Local Encrypted Volumes.
[[0;32m  OK  [0m] Started Monitoring of LVM2 mirrors,…sing dmeventd or progress polling.
[[0;32m  OK  [0m] Reached target Local File Systems (Pre).
[[0;32m  OK  [0m] Reached target Local File Systems.
         Starting ebtables ruleset management...
         Starting Tell Plymouth To Write Out Runtime Data...
         Starting AppArmor initialization...
         Starting Set console font and keymap...
[[0;32m  OK  [0m] Started Tell Plymouth To Write Out Runtime Data.
[[0;32m  OK  [0m] Started Set console font and keymap.
[[0;32m  OK  [0m] Found device /dev/ttyS0.
[[0;32m  OK  [0m] Listening on Load/Save RF Kill Switch Status /dev/rfkill Watch.
[[0;32m  OK  [0m] Started ebtables ruleset management.
[[0;32m  OK  [0m] Started Flush Journal to Persistent Storage.
         Starting Create Volatile Files and Directories...
[[0;32m  OK  [0m] Started Create Volatile Files and Directories.
         Starting Update UTMP about System Boot/Shutdown...
[[0;32m  OK  [0m] Started Update UTMP about System Boot/Shutdown.
[[0;32m  OK  [0m] Started AppArmor initialization.
[   15.049410] cloud-init[411]: Cloud-init v. 18.4-0ubuntu1~18.04.1 running 'init-local' at Thu, 29 Nov 2018 07:47:53 +0000. Up 14.82 seconds.
[[0;32m  OK  [0m] Started Initial cloud-init job (pre-networking).
[[0;32m  OK  [0m] Reached target Network (Pre).
         Starting Network Service...
[[0;32m  OK  [0m] Started Network Service.
         Starting Wait for Network to be Configured...
         Starting Network Name Resolution...
[[0;32m  OK  [0m] Started Network Name Resolution.
[[0;32m  OK  [0m] Reached target Host and Network Name Lookups.
[[0;32m  OK  [0m] Reached target Network.
[[0;32m  OK  [0m] Started Wait for Network to be Configured.
         Starting Initial cloud-init job (metadata service crawler)...
[   17.394282] cloud-init[688]: Cloud-init v. 18.4-0ubuntu1~18.04.1 running 'init' at Thu, 29 Nov 2018 07:47:55 +0000. Up 17.25 seconds.
[   17.405245] cloud-init[688]: ci-info: ++++++++++++++++++++++++++++++++++++++Net device info+++++++++++++++++++++++++++++++++++++++
[   17.414631] cloud-init[688]: ci-info: +--------+------+-----------------------------+---------------+--------+-------------------+
[   17.426361] cloud-init[688]: ci-info: | Device |  Up  |           Address           |      Mask     | Scope  |     Hw-Address    |
[   17.432886] cloud-init[688]: ci-info: +--------+------+-----------------------------+---------------+--------+-------------------+
[   17.437660] cloud-init[688]: ci-info: | enp0s3 | True |          10.0.2.15          | 255.255.255.0 | global | 02:73:c3:8b:e3:3b |
[   17.442778] cloud-init[688]: ci-info: | enp0s3 | True |  fe80::73:c3ff:fe8b:e33b/64 |       .       |  link  | 02:73:c3:8b:e3:3b |
[   17.453568] cloud-init[688]: ci-info: | enp0s8 | True |        192.168.33.10        | 255.255.255.0 | global | 08:00:27:1d:82:0a |
[   17.457843] cloud-init[688]: ci-info: | enp0s8 | True | fe80::a00:27ff:fe1d:820a/64 |       .       |  link  | 08:00:27:1d:82:0a |
[   17.472477] cloud-init[688]: ci-info: |   lo   | True |          127.0.0.1          |   255.0.0.0   |  host  |         .         |
[   17.476748] cloud-init[688]: ci-info: |   lo   | True |           ::1/128           |       .       |  host  |         .         |
[   17.480871] cloud-init[688]: ci-info: +--------+------+-----------------------------+---------------+--------+-------------------+
[   17.505148] cloud-init[688]: ci-info: +++++++++++++++++++++++++++++Route IPv4 info+++++++++++++++++++++++++++++
[   17.564475] cloud-init[688]: ci-info: +-------+--------------+----------+-----------------+-----------+-------+
[   17.617003] cloud-init[688]: ci-info: | Route | Destination  | Gateway  |     Genmask     | Interface | Flags |
[   17.712328] cloud-init[688]: ci-info: +-------+--------------+----------+-----------------+-----------+-------+
[[0;32m  OK  [0m] Started Initial cloud-init job (metadata service crawler).
[[0;32m  OK  [0m] Reached target System Initialization.
[   17.812513] cloud-init[688]: ci-info: |   0   |   0.0.0.0    | 10.0.2.2 |     0.0.0.0     |   enp0s3  |   UG  |
[[0;32m  OK  [0m] Started Discard unused blocks once a week.
[   17.949139] cloud-init[688]: ci-info: |   1   |   10.0.2.0   | 0.0.0.0  |  255.255.255.0  |   enp0s3  |   U   |
[[0;32m  OK  [0m] Started ACPI Events Check.
[   17.984809] [[0;32m  OK  [0m] Reached target Paths.
cloud-init         Starting LXD - unix socket.
[[0;32m  OK  [0m] Listening on UUID daemon activation socket.
[[0;32m  OK  [0m] Started Daily Cleanup of Temporary Directories.
[[0;32m  OK  [0m] Listening on Open-iSCSI iscsid Socket.
[[0;32m  OK  [0m] Started Daily apt download activities.
[[0;32m  OK  [0m] Started Daily apt upgrade and clean activities.
         Starting Socket activation for snappy daemon.
[[0;32m  OK  [0m] Listening on ACPID Listen Socket.
[[0;32m  OK  [0m] Listening on D-Bus System Message Bus Socket.
[[0;32m  OK  [0m] Started Message of the Day.
[[0;32m  OK  [0m] Reached target Timers.
[[0;32m  OK  [0m] Reached target Network is Online.
[688]: ci-info: |   2   |   10.0.2.2   | 0.0.0.0  | 255.255.255.255 |   enp0s3  |   UH  |
[[   18.054133] cloud-init[688]: ci-info: |   3   | 192.168.33.0 | 0.0.0.0  |  255.255.255.0  |   enp0s8  |   U   |
[   18.054756] cloud-init[688]: ci-info: +-------+--------------+----------+-----------------+-----------+-------+
[   18.055938] cloud-init[688]: ci-info: +++++++++++++++++++Route IPv6 info+++++++++++++++++++
[   18.057085] cloud-init[688]: ci-info: +-------+-------------+---------+-----------+-------+
[   18.057520] cloud-init[688]: ci-info: | Route | Destination | Gateway | Interface | Flags |
[   18.058009] cloud-init[688]: ci-info: +-------+-------------+---------+-----------+-------+
[   18.058518] cloud-init[688]: ci-info: |   1   |  fe80::/64  |    ::   |   enp0s8  |   U   |
[   18.059036] cloud-init[688]: ci-info: |   2   |  fe80::/64  |    ::   |   enp0s3  |   U   |
[   18.059545] cloud-init[688]: ci-info: |   4   |    local    |    ::   |   enp0s3  |   U   |
[   18.060726] cloud-init[688]: ci-info: |   5   |    local    |    ::   |   enp0s8  |   U   |
[   18.060996] cloud-init[688]: ci-info: |   6   |   ff00::/8  |    ::   |   enp0s8  |   U   |
[   18.061300] cloud-init[688]: ci-info: |   7   |   ff00::/8  |    ::   |   enp0s3  |   U   |
[   18.061607] cloud-init[688]: ci-info: +-------+-------------+---------+-----------+-------+
[0;32m  OK  [0m] Reached target Remote File Systems (Pre).
[[0;32m  OK  [0m] Reached target Remote File Systems.
         Starting Availability of block devices...
[[0;32m  OK  [0m] Reached target Cloud-config availability.
[[0;32m  OK  [0m] Listening on LXD - unix socket.
[[0;32m  OK  [0m] Listening on Socket activation for snappy daemon.
[[0;32m  OK  [0m] Started Availability of block devices.
[[0;32m  OK  [0m] Reached target Sockets.
[[0;32m  OK  [0m] Reached target Basic System.
[[0;32m  OK  [0m] Started Regular background program processing daemon.
         Starting vboxadd.service...
[[0;32m  OK  [0m] Started FUSE filesystem for LXC.
         Starting LSB: automatic crash report generation...
         Starting OpenBSD Secure Shell server...
         Starting Permit User Sessions...
[[0;32m  OK  [0m] Started Deferred execution scheduler.
         Starting Dispatcher daemon for systemd-networkd...
         Starting Accounts Service...
[[0;32m  OK  [0m] Started irqbalance daemon.
[[0;32m  OK  [0m] Started D-Bus System Message Bus.
         Starting Snappy daemon...
         Starting LSB: Record successful boot for GRUB...
         Starting System Logging Service...
[[0;32m  OK  [0m] Started Unattended Upgrades Shutdown.
         Starting Login Service...
         Starting LXD - container startup/shutdown...
[[0;32m  OK  [0m] Started Permit User Sessions.
         Starting Hold until boot process finishes up...
         Starting Terminate Plymouth Boot Screen...
[[0;32m  OK  [0m] Started Hold until boot process finishes up.
[[0;32m  OK  [0m] Started Serial Getty on ttyS0.
         Starting Set console scheme...
[[0;32m  OK  [0m] Started OpenBSD Secure Shell server.
[[0;32m  OK  [0m] Started Terminate Plymouth Boot Screen.
[[0;32m  OK  [0m] Started System Logging Service.
[[0;32m  OK  [0m] Started Set console scheme.
[[0;32m  OK  [0m] Started Login Service.
[[0;32m  OK  [0m] Created slice system-getty.slice.
[[0;32m  OK  [0m] Started Getty on tty1.
[[0;32m  OK  [0m] Reached target Login Prompts.
         Starting Authorization Manager...
[[0;32m  OK  [0m] Started LSB: automatic crash report generation.
[[0;32m  OK  [0m] Started Authorization Manager.
[[0;32m  OK  [0m] Started Accounts Service.
[[0;32m  OK  [0m] Started Snappy daemon.
         Starting Wait until snapd is fully seeded...
[[0;32m  OK  [0m] Started LXD - container startup/shutdown.
[[0;32m  OK  [0m] Started Dispatcher daemon for systemd-networkd.
[[0;32m  OK  [0m] Started LSB: Record successful boot for GRUB.
[[0;32m  OK  [0m] Started Wait until snapd is fully seeded.
         Starting Apply the settings specified in cloud-config...
[[0;32m  OK  [0m] Started vboxadd.service.
         Starting vboxadd-service.service...
[[0;32m  OK  [0m] Started vboxadd-service.service.
[[0;32m  OK  [0m] Reached target Multi-User System.
[[0;32m  OK  [0m] Reached target Graphical Interface.
         Starting Update UTMP about System Runlevel Changes...
[[0;32m  OK  [0m] Started Update UTMP about System Runlevel Changes.
[   19.917758] cloud-init[1086]: Cloud-init v. 18.4-0ubuntu1~18.04.1 running 'modules:config' at Thu, 29 Nov 2018 07:47:58 +0000. Up 19.83 seconds.
[[0;32m  OK  [0m] Started Apply the settings specified in cloud-config.
         Starting Execute cloud user/final scripts...
[   20.384729] cloud-init[1174]: Cloud-init v. 18.4-0ubuntu1~18.04.1 running 'modules:final' at Thu, 29 Nov 2018 07:47:58 +0000. Up 20.29 seconds.
[   20.388352] cloud-init[1174]: Cloud-init v. 18.4-0ubuntu1~18.04.1 finished at Thu, 29 Nov 2018 07:47:58 +0000. Datasource DataSourceNoCloud [seed=/dev/sdb][dsmode=net].  Up 20.37 seconds
[[0;32m  OK  [0m] Started Execute cloud user/final scripts.
[[0;32m  OK  [0m] Reached target Cloud-init target.

Ubuntu 18.04.1 LTS ubuntu-bionic ttyS0

ubuntu-bionic login:          Stopping Availability of block devices...
[[0;32m  OK  [0m] Closed Load/Save RF Kill Switch Status /dev/rfkill Watch.
[[0;32m  OK  [0m] Stopped target Timers.
[[0;32m  OK  [0m] Stopped Message of the Day.
[[0;32m  OK  [0m] Stopped Discard unused blocks once a week.
[[0;32m  OK  [0m] Stopped target Cloud-init target.
         Stopping Authorization Manager...
[[0;32m  OK  [0m] Stopped Execute cloud user/final scripts.
[[0;32m  OK  [0m] Stopped Apply the settings specified in cloud-config.
[[0;32m  OK  [0m] Stopped target Network is Online.
[[0;32m  OK  [0m] Stopped Daily apt upgrade and clean activities.
[[0;32m  OK  [0m] Stopped Daily Cleanup of Temporary Directories.
[[0;32m  OK  [0m] Stopped Daily apt download activities.
[[0;32m  OK  [0m] Stopped target System Time Synchronized.
         Stopping Session 6 of user vagrant.
[[0;32m  OK  [0m] Stopped target Graphical Interface.
[[0;32m  OK  [0m] Stopped target Multi-User System.
         Stopping LXD - container startup/shutdown...
         Stopping Deferred execution scheduler...
         Stopping Regular background program processing daemon...
[[0;32m  OK  [0m] Stopped target Login Prompts.
         Stopping Serial Getty on ttyS0...
[[0;32m  OK  [0m] Stopped Wait until snapd is fully seeded.
         Stopping OpenBSD Secure Shell server...
         Stopping Snappy daemon...
         Stopping irqbalance daemon...
         Stopping FUSE filesystem for LXC...
         Stopping Dispatcher daemon for systemd-networkd...
         Stopping D-Bus System Message Bus...
         Stopping LSB: automatic crash report generation...
         Stopping LSB: Record successful boot for GRUB...
         Stopping Accounts Service...
         Stopping User Manager for UID 1000...
[[0;32m  OK  [0m] Stopped target Cloud-config availability.
[[0;32m  OK  [0m] Stopped target Host and Network Name Lookups.
         Stopping System Logging Service...
         Stopping vboxadd-service.service...
         Stopping Unattended Upgrades Shutdown...
         Stopping Getty on tty1...
[[0;32m  OK  [0m] Stopped Regular background program processing daemon.
[[0;32m  OK  [0m] Stopped Deferred execution scheduler.
[[0;32m  OK  [0m] Stopped irqbalance daemon.
[[0;32m  OK  [0m] Stopped OpenBSD Secure Shell server.
[[0;32m  OK  [0m] Stopped Dispatcher daemon for systemd-networkd.
[[0;32m  OK  [0m] Stopped Accounts Service.
[[0;32m  OK  [0m] Stopped User Manager for UID 1000.
[[0;32m  OK  [0m] Stopped Serial Getty on ttyS0.
[[0;32m  OK  [0m] Stopped Authorization Manager.
[[0;32m  OK  [0m] Removed slice system-serial\x2dgetty.slice.
[[0;32m  OK  [0m] Removed slice User Slice of vagrant.
         Stopping Permit User Sessions...
         Stopping Login Service...
[[0;32m  OK  [0m] Stopped FUSE filesystem for LXC.
[[0;32m  OK  [0m] Stopped Permit User Sessions.
[[0;32m  OK  [0m] Stopped LSB: Record successful boot for GRUB.
[[0;32m  OK  [0m] Stopped Availability of block devices.
[[0;32m  OK  [0m] Stopped LSB: automatic crash report generation.
[[0;32m  OK  [0m] Stopped Login Service.
[[0;32m  OK  [0m] Stopped Unattended Upgrades Shutdown.
[[0;32m  OK  [0m] Stopped target Network.
         Stopping Network Name Resolution...
[[0;32m  OK  [0m] Stopped target User and Group Name Lookups.
[[0;32m  OK  [0m] Stopped target Remote File Systems.
[[0;32m  OK  [0m] Stopped target Remote File Systems (Pre).
[[0;32m  OK  [0m] Stopped Network Name Resolution.
         Stopping Network Service...
[[0;32m  OK  [0m] Stopped Network Service.
[[0;32m  OK  [0m] Stopped target Network (Pre).
[[0;32m  OK  [0m] Stopped vboxadd-service.service.
         Stopping vboxadd.service...
[[0;32m  OK  [0m] Unmounted /vagrant.
[[0;32m  OK  [0m] Stopped vboxadd.service.
[[0;32m  OK  [0m] Stopped target Basic System.
[[0;32m  OK  [0m] Stopped target Paths.
[[0;32m  OK  [0m] Stopped ACPI Events Check.
[[0;32m  OK  [0m] Stopped target Slices.
[[0;32m  OK  [0m] Removed slice User and Session Slice.
[[0;32m  OK  [0m] Stopped target Sockets.
[[0;32m  OK  [0m] Closed ACPID Listen Socket.
[[0;32m  OK  [0m] Closed Syslog Socket.
[[0;32m  OK  [0m] Closed D-Bus System Message Bus Socket.
[[0;32m  OK  [0m] Closed Socket activation for snappy daemon.
[[0;32m  OK  [0m] Closed Open-iSCSI iscsid Socket.
[[0;32m  OK  [0m] Closed UUID daemon activation socket.
[[0;32m  OK  [0m] Closed LXD - unix socket.
[[0;32m  OK  [0m] Stopped target System Initialization.
[[0;32m  OK  [0m] Stopped Initial cloud-init job (metadata service crawler).
         Stopping Load/Save Random Seed...
         Stopping Update UTMP about System Boot/Shutdown...
[[0;32m  OK  [0m] Stopped target Local Encrypted Volumes.
[[0;32m  OK  [0m] Stopped Forward Password Requests to Wall Directory Watch.
[[0;32m  OK  [0m] Stopped Dispatch Password Requests to Console Directory Watch.
[[0;32m  OK  [0m] Stopped Apply Kernel Variables.
[[0;32m  OK  [0m] Stopped Load Kernel Modules.
[[0;32m  OK  [0m] Stopped Initial cloud-init job (pre-networking).
[[0;32m  OK  [0m] Stopped Load/Save Random Seed.
[[0;32m  OK  [0m] Stopped Update UTMP about System Boot/Shutdown.
[[0;32m  OK  [0m] Stopped Create Volatile Files and Directories.
[[0;32m  OK  [0m] Stopped target Local File Systems.
         Unmounting /run/user/1000...
[[0;32m  OK  [0m] Unmounted /run/user/1000.
[[0;32m  OK  [0m] Reached target Unmount All Filesystems.
[[0;32m  OK  [0m] Stopped target Local File Systems (Pre).
         Stopping Monitoring of LVM2 mirrors…ng dmeventd or progress polling...
[[0;32m  OK  [0m] Stopped Create Static Device Nodes in /dev.
[[0;32m  OK  [0m] Stopped Remount Root and Kernel File Systems.
[[0;32m  OK  [0m] Stopped target Swap.
[[0;32m  OK  [0m] Reached target Shutdown.
[[0;32m  OK  [0m] Reached target Final Step.
         Starting Power-Off...
[ 3093.884373] reboot: Power down
